TN:
SF:src/use-cases/SubmitFeedbackUseCase/submitFeedbackUseCase.ts
FN:11,execute
FN:6,SubmitFeedbackUseCase
FNF:2
FNH:2
FNDA:4,execute
FNDA:1,SubmitFeedbackUseCase
DA:1,1
DA:2,1
DA:3,1
DA:4,1
DA:5,1
DA:6,1
DA:7,1
DA:8,1
DA:9,1
DA:10,1
DA:11,1
DA:12,4
DA:13,4
DA:14,4
DA:15,1
DA:16,1
DA:17,3
DA:18,4
DA:19,1
DA:20,1
DA:21,2
DA:22,4
DA:23,1
DA:24,1
DA:25,1
DA:26,1
DA:27,1
DA:28,1
DA:29,1
DA:30,1
DA:31,1
DA:32,1
DA:33,1
DA:34,1
DA:35,1
DA:36,1
DA:37,1
DA:38,1
DA:39,1
DA:40,1
DA:41,1
DA:42,1
LF:42
LH:42
BRDA:11,0,0,4
BRDA:14,1,0,1
BRDA:17,2,0,3
BRDA:18,3,0,1
BRDA:21,4,0,2
BRDA:22,5,0,1
BRDA:6,6,0,1
BRF:7
BRH:7
end_of_record
